#           var1             var2            omega           -gamma      Re(dBy/dBz)      Im(dBy/dBz)       Re(dn/dBz)       Im(dn/dBz)
  1.00000000e-02   0.00000000e+00   2.23613883e+00  -8.06627028e-07   3.18189836e+00  -2.23858454e+02  -4.54184882e+00   2.80843710e-02
  1.01923249e-02   0.00000000e+00   2.23614158e+00  -8.37934131e-07   3.12181219e+00  -2.19634726e+02  -4.54184862e+00   2.80841228e-02
  1.03883486e-02   0.00000000e+00   2.23614444e+00  -8.70467048e-07   3.06286588e+00  -2.15490704e+02  -4.54184834e+00   2.80836729e-02
  1.05881424e-02   0.00000000e+00   2.23614741e+00  -9.04256668e-07   3.00502765e+00  -2.11424886e+02  -4.54184809e+00   2.80833035e-02
  1.07917787e-02   0.00000000e+00   2.23615050e+00  -9.39352430e-07   2.94827736e+00  -2.07435798e+02  -4.54184787e+00   2.80829956e-02
  1.09993315e-02   0.00000000e+00   2.23615370e+00  -9.75819860e-07   2.89260225e+00  -2.03521986e+02  -4.54184755e+00   2.80825210e-02
  1.12108760e-02   0.00000000e+00   2.23615703e+00  -1.01369704e-06   2.83797428e+00  -1.99682037e+02  -4.54184727e+00   2.80821068e-02
  1.14264890e-02   0.00000000e+00   2.23616049e+00  -1.05304368e-06   2.78437624e+00  -1.95914554e+02  -4.54184697e+00   2.80816766e-02
  1.16462488e-02   0.00000000e+00   2.23616408e+00  -1.09391677e-06   2.73178868e+00  -1.92218169e+02  -4.54184666e+00   2.80812296e-02
  1.18702352e-02   0.00000000e+00   2.23616781e+00  -1.13637543e-06   2.68019250e+00  -1.88591543e+02  -4.54184635e+00   2.80807653e-02
  1.20985293e-02   0.00000000e+00   2.23617169e+00  -1.18048112e-06   2.62956900e+00  -1.85033358e+02  -4.54184602e+00   2.80802829e-02
  1.23312141e-02   0.00000000e+00   2.23617572e+00  -1.22629763e-06   2.57989978e+00  -1.81542324e+02  -4.54184567e+00   2.80797819e-02
  1.25683741e-02   0.00000000e+00   2.23617990e+00  -1.27389127e-06   2.53116683e+00  -1.78117172e+02  -4.54184531e+00   2.80792616e-02
  1.28100952e-02   0.00000000e+00   2.23618425e+00  -1.32333087e-06   2.48335249e+00  -1.74756662e+02  -4.54184494e+00   2.80787207e-02
  1.30564652e-02   0.00000000e+00   2.23618876e+00  -1.37468792e-06   2.43643936e+00  -1.71459571e+02  -4.54184456e+00   2.80781590e-02
  1.33075735e-02   0.00000000e+00   2.23619345e+00  -1.42803671e-06   2.39041044e+00  -1.68224705e+02  -4.54184416e+00   2.80775755e-02
  1.35635112e-02   0.00000000e+00   2.23619832e+00  -1.48345436e-06   2.34524902e+00  -1.65050890e+02  -4.54184374e+00   2.80769694e-02
  1.38243713e-02   0.00000000e+00   2.23620339e+00  -1.54102098e-06   2.30093872e+00  -1.61936972e+02  -4.54184331e+00   2.80763397e-02
  1.40902483e-02   0.00000000e+00   2.23620864e+00  -1.60081979e-06   2.25746345e+00  -1.58881824e+02  -4.54184286e+00   2.80756856e-02
  1.43612388e-02   0.00000000e+00   2.23621411e+00  -1.66293718e-06   2.21480744e+00  -1.55884334e+02  -4.54184240e+00   2.80750061e-02
  1.46374412e-02   0.00000000e+00   2.23621978e+00  -1.72746293e-06   2.17295520e+00  -1.52943417e+02  -4.54184191e+00   2.80743003e-02
  1.49189556e-02   0.00000000e+00   2.23622568e+00  -1.79449023e-06   2.13189155e+00  -1.50058004e+02  -4.54184141e+00   2.80735670e-02
  1.52058842e-02   0.00000000e+00   2.23623180e+00  -1.86411590e-06   2.09160158e+00  -1.47227048e+02  -4.54184089e+00   2.80728054e-02
  1.54983312e-02   0.00000000e+00   2.23623816e+00  -1.93644048e-06   2.05207067e+00  -1.44449523e+02  -4.54184034e+00   2.80720141e-02
  1.57964026e-02   0.00000000e+00   2.23624477e+00  -2.01156839e-06   2.01328448e+00  -1.41724419e+02  -4.54183978e+00   2.80711921e-02
  1.61002068e-02   0.00000000e+00   2.23625164e+00  -2.08960806e-06   1.97522894e+00  -1.39050749e+02  -4.54183919e+00   2.80703383e-02
  1.64098538e-02   0.00000000e+00   2.23625877e+00  -2.17067211e-06   1.93789022e+00  -1.36427541e+02  -4.54183859e+00   2.80694513e-02
  1.67254561e-02   0.00000000e+00   2.23626618e+00  -2.25487751e-06   1.90125478e+00  -1.33853844e+02  -4.54183795e+00   2.80685299e-02
  1.70471282e-02   0.00000000e+00   2.23627387e+00  -2.34234570e-06   1.86530933e+00  -1.31328724e+02  -4.54183730e+00   2.80675727e-02
  1.73749869e-02   0.00000000e+00   2.23628187e+00  -2.43320281e-06   1.83004082e+00  -1.28851264e+02  -4.54183662e+00   2.80665784e-02
  1.77091511e-02   0.00000000e+00   2.23629018e+00  -2.52757985e-06   1.79543645e+00  -1.26420566e+02  -4.54183591e+00   2.80655456e-02
  1.80497422e-02   0.00000000e+00   2.23629880e+00  -2.62561281e-06   1.76148366e+00  -1.24035746e+02  -4.54183517e+00   2.80644727e-02
  1.83968836e-02   0.00000000e+00   2.23630777e+00  -2.72744297e-06   1.72817014e+00  -1.21695941e+02  -4.54183441e+00   2.80633581e-02
  1.87507014e-02   0.00000000e+00   2.23631708e+00  -2.83321699e-06   1.69548378e+00  -1.19400300e+02  -4.54183362e+00   2.80622003e-02
  1.91113241e-02   0.00000000e+00   2.23632675e+00  -2.94308719e-06   1.66341274e+00  -1.17147990e+02  -4.54183279e+00   2.80609976e-02
  1.94788824e-02   0.00000000e+00   2.23633680e+00  -3.05721173e-06   1.63194537e+00  -1.14938194e+02  -4.54183193e+00   2.80597483e-02
  1.98535097e-02   0.00000000e+00   2.23634724e+00  -3.17575484e-06   1.60107025e+00  -1.12770111e+02  -4.54183104e+00   2.80584505e-02
  2.02353421e-02   0.00000000e+00   2.23635808e+00  -3.29888707e-06   1.57077617e+00  -1.10642952e+02  -4.54183012e+00   2.80571024e-02
  2.06245181e-02   0.00000000e+00   2.23636935e+00  -3.42678547e-06   1.54105216e+00  -1.08555947e+02  -4.54182916e+00   2.80557019e-02
  2.10211789e-02   0.00000000e+00   2.23638105e+00  -3.55963390e-06   1.51188740e+00  -1.06508338e+02  -4.54182816e+00   2.80542472e-02
  2.14254684e-02   0.00000000e+00   2.23639321e+00  -3.69762327e-06   1.48327133e+00  -1.04499382e+02  -4.54182713e+00   2.80527361e-02
  2.18375335e-02   0.00000000e+00   2.23640584e+00  -3.84095177e-06   1.45519356e+00  -1.02528349e+02  -4.54182605e+00   2.80511664e-02
  2.22575236e-02   0.00000000e+00   2.23641896e+00  -3.98982521e-06   1.42764390e+00  -1.00594525e+02  -4.54182493e+00   2.80495358e-02
  2.26855911e-02   0.00000000e+00   2.23643259e+00  -4.14445724e-06   1.40061234e+00  -9.86972078e+01  -4.54182377e+00   2.80478420e-02
  2.31218914e-02   0.00000000e+00   2.23644674e+00  -4.30506968e-06   1.37408909e+00  -9.68357085e+01  -4.54182257e+00   2.80460825e-02
  2.35665829e-02   0.00000000e+00   2.23646145e+00  -4.47189283e-06   1.34806452e+00  -9.50093517e+01  -4.54182132e+00   2.80442548e-02
  2.40198269e-02   0.00000000e+00   2.23647673e+00  -4.64516578e-06   1.32252918e+00  -9.32174746e+01  -4.54182002e+00   2.80423563e-02
  2.44817880e-02   0.00000000e+00   2.23649260e+00  -4.82513673e-06   1.29747380e+00  -9.14594270e+01  -4.54181866e+00   2.80403842e-02
  2.49526337e-02   0.00000000e+00   2.23650909e+00  -5.01206335e-06   1.27288930e+00  -8.97345708e+01  -4.54181726e+00   2.80383357e-02
  2.54325349e-02   0.00000000e+00   2.23652622e+00  -5.20621311e-06   1.24876674e+00  -8.80422801e+01  -4.54181580e+00   2.80362077e-02
  2.59216658e-02   0.00000000e+00   2.23654401e+00  -5.40786366e-06   1.22509739e+00  -8.63819407e+01  -4.54181429e+00   2.80339974e-02
  2.64202039e-02   0.00000000e+00   2.23656249e+00  -5.61730323e-06   1.20187264e+00  -8.47529501e+01  -4.54181272e+00   2.80317013e-02
  2.69283301e-02   0.00000000e+00   2.23658170e+00  -5.83483097e-06   1.17908408e+00  -8.31547170e+01  -4.54181108e+00   2.80293163e-02
  2.74462289e-02   0.00000000e+00   2.23660164e+00  -6.06075740e-06   1.15672343e+00  -8.15866616e+01  -4.54180939e+00   2.80268389e-02
  2.79740882e-02   0.00000000e+00   2.23662236e+00  -6.29540481e-06   1.13478257e+00  -8.00482146e+01  -4.54180762e+00   2.80242656e-02
  2.85120995e-02   0.00000000e+00   2.23664389e+00  -6.53910771e-06   1.11325355e+00  -7.85388179e+01  -4.54180579e+00   2.80215926e-02
  2.90604581e-02   0.00000000e+00   2.23666625e+00  -6.79221327e-06   1.09212855e+00  -7.70579235e+01  -4.54180389e+00   2.80188160e-02
  2.96193630e-02   0.00000000e+00   2.23668948e+00  -7.05508177e-06   1.07139991e+00  -7.56049942e+01  -4.54180192e+00   2.80159319e-02
  3.01890170e-02   0.00000000e+00   2.23671361e+00  -7.32808713e-06   1.05106011e+00  -7.41795025e+01  -4.54179987e+00   2.80129362e-02
  3.07696269e-02   0.00000000e+00   2.23673868e+00  -7.61161735e-06   1.03110176e+00  -7.27809313e+01  -4.54179774e+00   2.80098245e-02
  3.13614033e-02   0.00000000e+00   2.23676472e+00  -7.90607507e-06   1.01151762e+00  -7.14087729e+01  -4.54179552e+00   2.80065923e-02
  3.19645611e-02   0.00000000e+00   2.23679177e+00  -8.21187806e-06   9.92300593e-01  -7.00625293e+01  -4.54179323e+00   2.80032350e-02
  3.25793192e-02   0.00000000e+00   2.23681987e+00  -8.52945984e-06   9.73443696e-01  -6.87417121e+01  -4.54179084e+00   2.79997478e-02
  3.32059005e-02   0.00000000e+00   2.23684907e+00  -8.85927016e-06   9.54940090e-01  -6.74458418e+01  -4.54178836e+00   2.79961256e-02
  3.38445326e-02   0.00000000e+00   2.23687939e+00  -9.20177567e-06   9.36783062e-01  -6.61744482e+01  -4.54178579e+00   2.79923633e-02
  3.44954471e-02   0.00000000e+00   2.23691089e+00  -9.55746046e-06   9.18966023e-01  -6.49270698e+01  -4.54178311e+00   2.79884555e-02
  3.51588804e-02   0.00000000e+00   2.23694362e+00  -9.92682674e-06   9.01482508e-01  -6.37032540e+01  -4.54178034e+00   2.79843964e-02
  3.58350731e-02   0.00000000e+00   2.23697762e+00  -1.03103955e-05   8.84326174e-01  -6.25025567e+01  -4.54177745e+00   2.79801805e-02
  3.65242707e-02   0.00000000e+00   2.23701293e+00  -1.07087070e-05   8.67490796e-01  -6.13245421e+01  -4.54177446e+00   2.79758014e-02
  3.72267233e-02   0.00000000e+00   2.23704962e+00  -1.11223218e-05   8.50970267e-01  -6.01687827e+01  -4.54177135e+00   2.79712531e-02
  3.79426858e-02   0.00000000e+00   2.23708773e+00  -1.15518212e-05   8.34758591e-01  -5.90348590e+01  -4.54176812e+00   2.79665290e-02
  3.86724180e-02   0.00000000e+00   2.23712732e+00  -1.19978079e-05   8.18849888e-01  -5.79223596e+01  -4.54176476e+00   2.79616223e-02
  3.94161848e-02   0.00000000e+00   2.23716844e+00  -1.24609072e-05   8.03238387e-01  -5.68308807e+01  -4.54176128e+00   2.79565260e-02
  4.01742561e-02   0.00000000e+00   2.23721116e+00  -1.29417673e-05   7.87918422e-01  -5.57600262e+01  -4.54175766e+00   2.79512329e-02
  4.09469070e-02   0.00000000e+00   2.23725554e+00  -1.34410603e-05   7.72884438e-01  -5.47094074e+01  -4.54175390e+00   2.79457352e-02
  4.17344179e-02   0.00000000e+00   2.23730164e+00  -1.39594830e-05   7.58130979e-01  -5.36786431e+01  -4.54175000e+00   2.79400253e-02
  4.25370745e-02   0.00000000e+00   2.23734953e+00  -1.44977579e-05   7.43652694e-01  -5.26673593e+01  -4.54174595e+00   2.79340950e-02
  4.33551683e-02   0.00000000e+00   2.23739928e+00  -1.50566339e-05   7.29444332e-01  -5.16751888e+01  -4.54174174e+00   2.79279357e-02
  4.41889960e-02   0.00000000e+00   2.23745096e+00  -1.56368870e-05   7.15500738e-01  -5.07017717e+01  -4.54173738e+00   2.79215388e-02
  4.50388603e-02   0.00000000e+00   2.23750464e+00  -1.62393218e-05   7.01816855e-01  -4.97467546e+01  -4.54173284e+00   2.79148950e-02
  4.59050697e-02   0.00000000e+00   2.23756041e+00  -1.68647721e-05   6.88387719e-01  -4.88097911e+01  -4.54172813e+00   2.79079950e-02
  4.67879383e-02   0.00000000e+00   2.23761834e+00  -1.75141017e-05   6.75208461e-01  -4.78905409e+01  -4.54172324e+00   2.79008290e-02
  4.76877868e-02   0.00000000e+00   2.23767852e+00  -1.81882057e-05   6.62274300e-01  -4.69886706e+01  -4.54171816e+00   2.78933867e-02
  4.86049415e-02   0.00000000e+00   2.23774103e+00  -1.88880115e-05   6.49580547e-01  -4.61038529e+01  -4.54171289e+00   2.78856575e-02
  4.95397355e-02   0.00000000e+00   2.23780597e+00  -1.96144798e-05   6.37122598e-01  -4.52357665e+01  -4.54170741e+00   2.78776306e-02
  5.04925078e-02   0.00000000e+00   2.23787342e+00  -2.03686056e-05   6.24895935e-01  -4.43840966e+01  -4.54170173e+00   2.78692946e-02
  5.14636043e-02   0.00000000e+00   2.23794350e+00  -2.11514194e-05   6.12896126e-01  -4.35485339e+01  -4.54169583e+00   2.78606375e-02
  5.24533775e-02   0.00000000e+00   2.23801629e+00  -2.19639882e-05   6.01118820e-01  -4.27287753e+01  -4.54168970e+00   2.78516473e-02
  5.34621864e-02   0.00000000e+00   2.23809190e+00  -2.28074171e-05   5.89559748e-01  -4.19245233e+01  -4.54168334e+00   2.78423112e-02
  5.44903972e-02   0.00000000e+00   2.23817045e+00  -2.36828499e-05   5.78214719e-01  -4.11354859e+01  -4.54167673e+00   2.78326160e-02
  5.55383831e-02   0.00000000e+00   2.23825205e+00  -2.45914704e-05   5.67079621e-01  -4.03613769e+01  -4.54166988e+00   2.78225480e-02
  5.66065244e-02   0.00000000e+00   2.23833680e+00  -2.55345043e-05   5.56150420e-01  -3.96019152e+01  -4.54166276e+00   2.78120930e-02
  5.76952087e-02   0.00000000e+00   2.23842485e+00  -2.65132194e-05   5.45423153e-01  -3.88568254e+01  -4.54165537e+00   2.78012365e-02
  5.88048310e-02   0.00000000e+00   2.23851631e+00  -2.75289277e-05   5.34893934e-01  -3.81258369e+01  -4.54164770e+00   2.77899630e-02
  5.99357942e-02   0.00000000e+00   2.23861131e+00  -2.85829865e-05   5.24558948e-01  -3.74086844e+01  -4.54163974e+00   2.77782568e-02
  6.10885086e-02   0.00000000e+00   2.23871000e+00  -2.96767993e-05   5.14414452e-01  -3.67051078e+01  -4.54163147e+00   2.77661014e-02
  6.22633926e-02   0.00000000e+00   2.23881252e+00  -3.08118177e-05   5.04456770e-01  -3.60148516e+01  -4.54162289e+00   2.77534799e-02
  6.34608725e-02   0.00000000e+00   2.23891901e+00  -3.19895424e-05   4.94682298e-01  -3.53376654e+01  -4.54161399e+00   2.77403747e-02
  6.46813830e-02   0.00000000e+00   2.23902962e+00  -3.32115247e-05   4.85087494e-01  -3.46733033e+01  -4.54160475e+00   2.77267674e-02
  6.59253669e-02   0.00000000e+00   2.23914453e+00  -3.44793678e-05   4.75668886e-01  -3.40215243e+01  -4.54159516e+00   2.77126390e-02
  6.71932757e-02   0.00000000e+00   2.23926389e+00  -3.57947282e-05   4.66423065e-01  -3.33820919e+01  -4.54158520e+00   2.76979700e-02
  6.84855695e-02   0.00000000e+00   2.23938787e+00  -3.71593170e-05   4.57346685e-01  -3.27547739e+01  -4.54157487e+00   2.76827399e-02
  6.98027174e-02   0.00000000e+00   2.23951666e+00  -3.85749017e-05   4.48436461e-01  -3.21393426e+01  -4.54156415e+00   2.76669277e-02
  7.11451973e-02   0.00000000e+00   2.23965044e+00  -4.00433067e-05   4.39689171e-01  -3.15355749e+01  -4.54155302e+00   2.76505115e-02
  7.25134964e-02   0.00000000e+00   2.23978940e+00  -4.15664158e-05   4.31101651e-01  -3.09432514e+01  -4.54154148e+00   2.76334685e-02
  7.39081113e-02   0.00000000e+00   2.23993375e+00  -4.31461727e-05   4.22670797e-01  -3.03621572e+01  -4.54152950e+00   2.76157754e-02
  7.53295481e-02   0.00000000e+00   2.24008369e+00  -4.47845826e-05   4.14393561e-01  -2.97920815e+01  -4.54151708e+00   2.75974077e-02
  7.67783227e-02   0.00000000e+00   2.24023944e+00  -4.64837138e-05   4.06266953e-01  -2.92328173e+01  -4.54150418e+00   2.75783403e-02
  7.82549609e-02   0.00000000e+00   2.24040122e+00  -4.82456985e-05   3.98288037e-01  -2.86841616e+01  -4.54149080e+00   2.75585470e-02
  7.97599984e-02   0.00000000e+00   2.24056926e+00  -5.00727348e-05   3.90453933e-01  -2.81459154e+01  -4.54147693e+00   2.75380009e-02
  8.12939816e-02   0.00000000e+00   2.24074382e+00  -5.19670871e-05   3.82761812e-01  -2.76178832e+01  -4.54146253e+00   2.75166739e-02
  8.28574671e-02   0.00000000e+00   2.24092513e+00  -5.39310878e-05   3.75208901e-01  -2.70998734e+01  -4.54144760e+00   2.74945370e-02
  8.44510223e-02   0.00000000e+00   2.24111346e+00  -5.59671383e-05   3.67792475e-01  -2.65916981e+01  -4.54143211e+00   2.74715602e-02
  8.60752255e-02   0.00000000e+00   2.24130908e+00  -5.80777101e-05   3.60509861e-01  -2.60931727e+01  -4.54141605e+00   2.74477124e-02
  8.77306662e-02   0.00000000e+00   2.24151227e+00  -6.02653457e-05   3.53358436e-01  -2.56041163e+01  -4.54139939e+00   2.74229615e-02
  8.94179452e-02   0.00000000e+00   2.24172333e+00  -6.25326596e-05   3.46335625e-01  -2.51243515e+01  -4.54138211e+00   2.73972741e-02
  9.11376747e-02   0.00000000e+00   2.24194255e+00  -6.48823389e-05   3.39438901e-01  -2.46537040e+01  -4.54136419e+00   2.73706159e-02
  9.28904789e-02   0.00000000e+00   2.24217026e+00  -6.73171442e-05   3.32665784e-01  -2.41920030e+01  -4.54134562e+00   2.73429513e-02
  9.46769938e-02   0.00000000e+00   2.24240678e+00  -6.98399100e-05   3.26013841e-01  -2.37390811e+01  -4.54132636e+00   2.73142434e-02
  9.64978679e-02   0.00000000e+00   2.24265244e+00  -7.24535452e-05   3.19480682e-01  -2.32947736e+01  -4.54130639e+00   2.72844540e-02
  9.83537620e-02   0.00000000e+00   2.24290760e+00  -7.51610333e-05   3.13063964e-01  -2.28589195e+01  -4.54128569e+00   2.72535439e-02
  1.00245349e-01   0.00000000e+00   2.24317264e+00  -7.79654326e-05   3.06761387e-01  -2.24313604e+01  -4.54126424e+00   2.72214723e-02
  1.02173317e-01   0.00000000e+00   2.24344791e+00  -8.08698758e-05   3.00570694e-01  -2.20119413e+01  -4.54124201e+00   2.71881971e-02
  1.04138364e-01   0.00000000e+00   2.24373383e+00  -8.38775698e-05   2.94489670e-01  -2.16005097e+01  -4.54121896e+00   2.71536748e-02
  1.06141204e-01   0.00000000e+00   2.24403080e+00  -8.69917954e-05   2.88516141e-01  -2.11969164e+01  -4.54119508e+00   2.71178605e-02
  1.08182563e-01   0.00000000e+00   2.24433924e+00  -9.02159060e-05   2.82647977e-01  -2.08010148e+01  -4.54117034e+00   2.70807078e-02
  1.10263183e-01   0.00000000e+00   2.24465960e+00  -9.35533266e-05   2.76883083e-01  -2.04126613e+01  -4.54114471e+00   2.70421688e-02
  1.12383818e-01   0.00000000e+00   2.24499233e+00  -9.70075528e-05   2.71219409e-01  -2.00317149e+01  -4.54111815e+00   2.70021940e-02
  1.14545239e-01   0.00000000e+00   2.24533792e+00  -1.00582148e-04   2.65654940e-01  -1.96580372e+01  -4.54109065e+00   2.69607324e-02
  1.16748228e-01   0.00000000e+00   2.24569684e+00  -1.04280743e-04   2.60187702e-01  -1.92914925e+01  -4.54106217e+00   2.69177313e-02
  1.18993587e-01   0.00000000e+00   2.24606962e+00  -1.08107031e-04   2.54815756e-01  -1.89319479e+01  -4.54103267e+00   2.68731364e-02
  1.21282130e-01   0.00000000e+00   2.24645679e+00  -1.12064766e-04   2.49537202e-01  -1.85792727e+01  -4.54100213e+00   2.68268916e-02
  1.23614687e-01   0.00000000e+00   2.24685889e+00  -1.16157762e-04   2.44350177e-01  -1.82333390e+01  -4.54097051e+00   2.67789392e-02
  1.25992105e-01   0.00000000e+00   2.24727650e+00  -1.20389881e-04   2.39252852e-01  -1.78940210e+01  -4.54093779e+00   2.67292198e-02
  1.28415247e-01   0.00000000e+00   2.24771022e+00  -1.24765039e-04   2.34243437e-01  -1.75611956e+01  -4.54090392e+00   2.66776719e-02
  1.30884991e-01   0.00000000e+00   2.24816066e+00  -1.29287191e-04   2.29320173e-01  -1.72347419e+01  -4.54086887e+00   2.66242325e-02
  1.33402235e-01   0.00000000e+00   2.24862846e+00  -1.33960334e-04   2.24481338e-01  -1.69145414e+01  -4.54083261e+00   2.65688365e-02
  1.35967892e-01   0.00000000e+00   2.24911428e+00  -1.38788492e-04   2.19725244e-01  -1.66004778e+01  -4.54079510e+00   2.65114171e-02
  1.38582893e-01   0.00000000e+00   2.24961882e+00  -1.43775717e-04   2.15050236e-01  -1.62924370e+01  -4.54075631e+00   2.64519055e-02
  1.41248187e-01   0.00000000e+00   2.25014278e+00  -1.48926072e-04   2.10454693e-01  -1.59903071e+01  -4.54071620e+00   2.63902309e-02
  1.43964741e-01   0.00000000e+00   2.25068691e+00  -1.54243632e-04   2.05937026e-01  -1.56939784e+01  -4.54067473e+00   2.63263207e-02
  1.46733541e-01   0.00000000e+00   2.25125199e+00  -1.59732466e-04   2.01495678e-01  -1.54033432e+01  -4.54063187e+00   2.62601002e-02
  1.49555592e-01   0.00000000e+00   2.25183880e+00  -1.65396629e-04   1.97129127e-01  -1.51182960e+01  -4.54058757e+00   2.61914927e-02
  1.52431918e-01   0.00000000e+00   2.25244817e+00  -1.71240153e-04   1.92835881e-01  -1.48387331e+01  -4.54054181e+00   2.61204197e-02
  1.55363563e-01   0.00000000e+00   2.25308097e+00  -1.77267028e-04   1.88614477e-01  -1.45645531e+01  -4.54049454e+00   2.60468003e-02
  1.58351590e-01   0.00000000e+00   2.25373808e+00  -1.83481195e-04   1.84463488e-01  -1.42956562e+01  -4.54044574e+00   2.59705520e-02
  1.61397085e-01   0.00000000e+00   2.25442044e+00  -1.89886526e-04   1.80381514e-01  -1.40319447e+01  -4.54039535e+00   2.58915900e-02
  1.64501153e-01   0.00000000e+00   2.25512899e+00  -1.96486805e-04   1.76367189e-01  -1.37733228e+01  -4.54034334e+00   2.58098277e-02
  1.67664919e-01   0.00000000e+00   2.25586473e+00  -2.03285719e-04   1.72419174e-01  -1.35196965e+01  -4.54028969e+00   2.57251762e-02
  1.70889533e-01   0.00000000e+00   2.25662870e+00  -2.10286828e-04   1.68536162e-01  -1.32709736e+01  -4.54023435e+00   2.56375450e-02
  1.74176163e-01   0.00000000e+00   2.25742196e+00  -2.17493552e-04   1.64716877e-01  -1.30270636e+01  -4.54017728e+00   2.55468414e-02
  1.77526004e-01   0.00000000e+00   2.25824562e+00  -2.24909143e-04   1.60960071e-01  -1.27878778e+01  -4.54011846e+00   2.54529709e-02
  1.80940271e-01   0.00000000e+00   2.25910083e+00  -2.32536665e-04   1.57264527e-01  -1.25533293e+01  -4.54005786e+00   2.53558370e-02
  1.84420203e-01   0.00000000e+00   2.25998878e+00  -2.40378964e-04   1.53629057e-01  -1.23233326e+01  -4.53999543e+00   2.52553414e-02
  1.87967062e-01   0.00000000e+00   2.26091070e+00  -2.48438645e-04   1.50052502e-01  -1.20978042e+01  -4.53993116e+00   2.51513843e-02
  1.91582136e-01   0.00000000e+00   2.26186789e+00  -2.56718036e-04   1.46533734e-01  -1.18766619e+01  -4.53986502e+00   2.50438637e-02
  1.95266737e-01   0.00000000e+00   2.26286166e+00  -2.65219162e-04   1.43071652e-01  -1.16598253e+01  -4.53979698e+00   2.49326765e-02
  1.99022202e-01   0.00000000e+00   2.26389339e+00  -2.73943709e-04   1.39665187e-01  -1.14472154e+01  -4.53972702e+00   2.48177178e-02
  2.02849894e-01   0.00000000e+00   2.26496450e+00  -2.82892988e-04   1.36313297e-01  -1.12387547e+01  -4.53965513e+00   2.46988813e-02
  2.06751202e-01   0.00000000e+00   2.26607648e+00  -2.92067900e-04   1.33014970e-01  -1.10343674e+01  -4.53958129e+00   2.45760595e-02
  2.10727542e-01   0.00000000e+00   2.26723085e+00  -3.01468891e-04   1.29769223e-01  -1.08339789e+01  -4.53950548e+00   2.44491436e-02
  2.14780357e-01   0.00000000e+00   2.26842920e+00  -3.11095916e-04   1.26575102e-01  -1.06375163e+01  -4.53942771e+00   2.43180240e-02
  2.18911117e-01   0.00000000e+00   2.26967318e+00  -3.20948390e-04   1.23431684e-01  -1.04449079e+01  -4.53934797e+00   2.41825901e-02
  2.23121323e-01   0.00000000e+00   2.27096449e+00  -3.31025145e-04   1.20338073e-01  -1.02560835e+01  -4.53926627e+00   2.40427307e-02
  2.27412501e-01   0.00000000e+00   2.27230488e+00  -3.41324380e-04   1.17293404e-01  -1.00709741e+01  -4.53918262e+00   2.38983341e-02
  2.31786209e-01   0.00000000e+00   2.27369619e+00  -3.51843610e-04   1.14296839e-01  -9.88951216e+00  -4.53909704e+00   2.37492885e-02
  2.36244034e-01   0.00000000e+00   2.27514031e+00  -3.62579617e-04   1.11347573e-01  -9.71163148e+00  -4.53900956e+00   2.35954819e-02
  2.40787595e-01   0.00000000e+00   2.27663919e+00  -3.73528389e-04   1.08444828e-01  -9.53726705e+00  -4.53892021e+00   2.34368028e-02
  2.45418539e-01   0.00000000e+00   2.27819486e+00  -3.84685073e-04   1.05587857e-01  -9.36635513e+00  -4.53882904e+00   2.32731401e-02
  2.50138548e-01   0.00000000e+00   2.27980943e+00  -3.96043906e-04   1.02775942e-01  -9.19883322e+00  -4.53873610e+00   2.31043837e-02
  2.54949335e-01   0.00000000e+00   2.28148506e+00  -4.07598166e-04   1.00008396e-01  -9.03464003e+00  -4.53864147e+00   2.29304248e-02
  2.59852645e-01   0.00000000e+00   2.28322400e+00  -4.19340104e-04   9.72845595e-02  -8.87371544e+00  -4.53854522e+00   2.27511558e-02
  2.64850257e-01   0.00000000e+00   2.28502858e+00  -4.31260886e-04   9.46038062e-02  -8.71600049e+00  -4.53844745e+00   2.25664715e-02
  2.69943987e-01   0.00000000e+00   2.28690121e+00  -4.43350530e-04   9.19655384e-02  -8.56143737e+00  -4.53834827e+00   2.23762690e-02
  2.75135681e-01   0.00000000e+00   2.28884438e+00  -4.55597840e-04   8.93691889e-02  -8.40996936e+00  -4.53824781e+00   2.21804480e-02
  2.80427224e-01   0.00000000e+00   2.29086067e+00  -4.67990348e-04   8.68142209e-02  -8.26154086e+00  -4.53814622e+00   2.19789118e-02
  2.85820538e-01   0.00000000e+00   2.29295274e+00  -4.80514246e-04   8.43001283e-02  -8.11609733e+00  -4.53804366e+00   2.17715674e-02
  2.91317577e-01   0.00000000e+00   2.29512334e+00  -4.93154331e-04   8.18264352e-02  -7.97358526e+00  -4.53794033e+00   2.15583262e-02
  2.96920339e-01   0.00000000e+00   2.29737533e+00  -5.05893939e-04   7.93926963e-02  -7.83395220e+00  -4.53783644e+00   2.13391045e-02
  3.02630856e-01   0.00000000e+00   2.29971166e+00  -5.18714889e-04   7.69984969e-02  -7.69714669e+00  -4.53773222e+00   2.11138242e-02
  3.08451200e-01   0.00000000e+00   2.30213536e+00  -5.31597429e-04   7.46434526e-02  -7.56311826e+00  -4.53762796e+00   2.08824132e-02
  3.14383484e-01   0.00000000e+00   2.30464960e+00  -5.44520185e-04   7.23272096e-02  -7.43181741e+00  -4.53752395e+00   2.06448064e-02
  3.20429860e-01   0.00000000e+00   2.30725761e+00  -5.57460111e-04   7.00494442e-02  -7.30319559e+00  -4.53742052e+00   2.04009462e-02
  3.26592524e-01   0.00000000e+00   2.30996277e+00  -5.70392451e-04   6.78098629e-02  -7.17720519e+00  -4.53731805e+00   2.01507832e-02
  3.32873710e-01   0.00000000e+00   2.31276854e+00  -5.83290700e-04   6.56082021e-02  -7.05379948e+00  -4.53721695e+00   1.98942772e-02
  3.39275700e-01   0.00000000e+00   2.31567851e+00  -5.96126578e-04   6.34442277e-02  -6.93293265e+00  -4.53711767e+00   1.96313974e-02
  3.45800815e-01   0.00000000e+00   2.31869638e+00  -6.08870013e-04   6.13177349e-02  -6.81455977e+00  -4.53702072e+00   1.93621239e-02
  3.52451425e-01   0.00000000e+00   2.32182598e+00  -6.21489127e-04   5.92285477e-02  -6.69863673e+00  -4.53692665e+00   1.90864482e-02
  3.59229943e-01   0.00000000e+00   2.32507124e+00  -6.33950238e-04   5.71765183e-02  -6.58512030e+00  -4.53683606e+00   1.88043740e-02
  3.66138828e-01   0.00000000e+00   2.32843625e+00  -6.46217878e-04   5.51615270e-02  -6.47396804e+00  -4.53674963e+00   1.85159183e-02
  3.73180589e-01   0.00000000e+00   2.33192521e+00  -6.58254814e-04   5.31834806e-02  -6.36513834e+00  -4.53666807e+00   1.82211119e-02
  3.80357780e-01   0.00000000e+00   2.33554245e+00  -6.70022096e-04   5.12423125e-02  -6.25859036e+00  -4.53659220e+00   1.79200009e-02
  3.87673006e-01   0.00000000e+00   2.33929244e+00  -6.81479109e-04   4.93379812e-02  -6.15428404e+00  -4.53652288e+00   1.76126469e-02
  3.95128922e-01   0.00000000e+00   2.34317979e+00  -6.92583658e-04   4.74704697e-02  -6.05218008e+00  -4.53646106e+00   1.72991286e-02
  4.02728234e-01   0.00000000e+00   2.34720926e+00  -7.03292055e-04   4.56397841e-02  -5.95223991e+00  -4.53640778e+00   1.69795421e-02
  4.10473700e-01   0.00000000e+00   2.35138575e+00  -7.13559244e-04   4.38459524e-02  -5.85442570e+00  -4.53636418e+00   1.66540022e-02
  4.18368130e-01   0.00000000e+00   2.35571430e+00  -7.23338931e-04   4.20890231e-02  -5.75870032e+00  -4.53633148e+00   1.63226431e-02
  4.26414390e-01   0.00000000e+00   2.36020013e+00  -7.32583752e-04   4.03690637e-02  -5.66502734e+00  -4.53631102e+00   1.59856193e-02
  4.34615400e-01   0.00000000e+00   2.36484858e+00  -7.41245458e-04   3.86861591e-02  -5.57337102e+00  -4.53630424e+00   1.56431065e-02
  4.42974135e-01   0.00000000e+00   2.36966519e+00  -7.49275123e-04   3.70404095e-02  -5.48369628e+00  -4.53631271e+00   1.52953020e-02
  4.51493630e-01   0.00000000e+00   2.37465562e+00  -7.56623387e-04   3.54319287e-02  -5.39596871e+00  -4.53633815e+00   1.49424259e-02
  4.60176975e-01   0.00000000e+00   2.37982573e+00  -7.63240714e-04   3.38608419e-02  -5.31015452e+00  -4.53638239e+00   1.45847215e-02
  4.69027323e-01   0.00000000e+00   2.38518154e+00  -7.69077689e-04   3.23272830e-02  -5.22622057e+00  -4.53644741e+00   1.42224558e-02
  4.78047885e-01   0.00000000e+00   2.39072923e+00  -7.74085334e-04   3.08313931e-02  -5.14413434e+00  -4.53653539e+00   1.38559201e-02
  4.87241935e-01   0.00000000e+00   2.39647517e+00  -7.78215453e-04   2.93733169e-02  -5.06386392e+00  -4.53664863e+00   1.34854305e-02
  4.96612810e-01   0.00000000e+00   2.40242591e+00  -7.81421005e-04   2.79532006e-02  -4.98537799e+00  -4.53678964e+00   1.31113279e-02
  5.06163909e-01   0.00000000e+00   2.40858817e+00  -7.83656500e-04   2.65711886e-02  -4.90864582e+00  -4.53696113e+00   1.27339781e-02
  5.15898700e-01   0.00000000e+00   2.41496886e+00  -7.84878415e-04   2.52274209e-02  -4.83363727e+00  -4.53716601e+00   1.23537721e-02
  5.25820716e-01   0.00000000e+00   2.42157509e+00  -7.85045639e-04   2.39220296e-02  -4.76032277e+00  -4.53740740e+00   1.19711259e-02
  5.35933556e-01   0.00000000e+00   2.42841415e+00  -7.84119932e-04   2.26551358e-02  -4.68867328e+00  -4.53768867e+00   1.15864797e-02
  5.46240892e-01   0.00000000e+00   2.43549351e+00  -7.82066393e-04   2.14268463e-02  -4.61866036e+00  -4.53801344e+00   1.12002980e-02
  5.56746463e-01   0.00000000e+00   2.44282086e+00  -7.78853951e-04   2.02372499e-02  -4.55025609e+00  -4.53838559e+00   1.08130684e-02
  5.67454082e-01   0.00000000e+00   2.45040406e+00  -7.74455854e-04   1.90864141e-02  -4.48343309e+00  -4.53880930e+00   1.04253011e-02
  5.78367636e-01   0.00000000e+00   2.45825119e+00  -7.68850158e-04   1.79743816e-02  -4.41816452e+00  -4.53928903e+00   1.00375271e-02
  5.89491084e-01   0.00000000e+00   2.46637053e+00  -7.62020219e-04   1.69011665e-02  -4.35442409e+00  -4.53982957e+00   9.65029745e-03
  6.00828464e-01   0.00000000e+00   2.47477055e+00  -7.53955162e-04   1.58667507e-02  -4.29218600e+00  -4.54043605e+00   9.26418138e-03
  6.12383890e-01   0.00000000e+00   2.48345991e+00  -7.44650344e-04   1.48710807e-02  -4.23142500e+00  -4.54111396e+00   8.87976430e-03
  6.24161555e-01   0.00000000e+00   2.49244750e+00  -7.34107776e-04   1.39140639e-02  -4.17211635e+00  -4.54186917e+00   8.49764573e-03
  6.36165735e-01   0.00000000e+00   2.50174240e+00  -7.22336523e-04   1.29955652e-02  -4.11423582e+00  -4.54270796e+00   8.11843694e-03
  6.48400784e-01   0.00000000e+00   2.51135388e+00  -7.09353052e-04   1.21154037e-02  -4.05775972e+00  -4.54363702e+00   7.74275821e-03
  6.60871144e-01   0.00000000e+00   2.52129141e+00  -6.95181526e-04   1.12733500e-02  -4.00266484e+00  -4.54466352e+00   7.37123592e-03
  6.73581340e-01   0.00000000e+00   2.53156467e+00  -6.79854043e-04   1.04691229e-02  -3.94892853e+00  -4.54579509e+00   7.00449939e-03
  6.86535985e-01   0.00000000e+00   2.54218351e+00  -6.63410798e-04   9.70238721e-03  -3.89652861e+00  -4.54703987e+00   6.64317743e-03
  6.99739780e-01   0.00000000e+00   2.55315799e+00  -6.45900163e-04   8.97275128e-03  -3.84544347e+00  -4.54840655e+00   6.28789472e-03
  7.13197516e-01   0.00000000e+00   2.56449833e+00  -6.27378682e-04   8.27976504e-03  -3.79565199e+00  -4.54990435e+00   5.93926792e-03
  7.26914079e-01   0.00000000e+00   2.57621494e+00  -6.07910968e-04   7.62291850e-03  -3.74713357e+00  -4.55154314e+00   5.59790167e-03
  7.40894445e-01   0.00000000e+00   2.58831837e+00  -5.87569492e-04   7.00164064e-03  -3.69986817e+00  -4.55333338e+00   5.26438442e-03
  7.55143688e-01   0.00000000e+00   2.60081935e+00  -5.66434266e-04   6.41529868e-03  -3.65383625e+00  -4.55528622e+00   4.93928409e-03
  7.69666979e-01   0.00000000e+00   2.61372875e+00  -5.44592408e-04   5.86319798e-03  -3.60901884e+00  -4.55741352e+00   4.62314372e-03
  7.84469590e-01   0.00000000e+00   2.62705754e+00  -5.22137592e-04   5.34458235e-03  -3.56539749e+00  -4.55972788e+00   4.31647712e-03
  7.99556892e-01   0.00000000e+00   2.64081683e+00  -4.99169379e-04   4.85863500e-03  -3.52295433e+00  -4.56224270e+00   4.01976443e-03
  8.14934360e-01   0.00000000e+00   2.65501780e+00  -4.75792430e-04   4.40448008e-03  -3.48167201e+00  -4.56497220e+00   3.73344793e-03
  8.30607574e-01   0.00000000e+00   2.66967171e+00  -4.52115608e-04   3.98118475e-03  -3.44153379e+00  -4.56793151e+00   3.45792781e-03
  8.46582224e-01   0.00000000e+00   2.68478985e+00  -4.28250980e-04   3.58776190e-03  -3.40252348e+00  -4.57113668e+00   3.19355836e-03
  8.62864106e-01   0.00000000e+00   2.70038351e+00  -4.04312709e-04   3.22317356e-03  -3.36462548e+00  -4.57460477e+00   2.94064422e-03
  8.79459130e-01   0.00000000e+00   2.71646399e+00  -3.80415885e-04   2.88633474e-03  -3.32782478e+00  -4.57835391e+00   2.69943720e-03
  8.96373316e-01   0.00000000e+00   2.73304249e+00  -3.56675270e-04   2.57611803e-03  -3.29210699e+00  -4.58240332e+00   2.47013336e-03
  9.13612805e-01   0.00000000e+00   2.75013012e+00  -3.33204009e-04   2.29135867e-03  -3.25745831e+00  -4.58677346e+00   2.25287063e-03
  9.31183852e-01   0.00000000e+00   2.76773783e+00  -3.10112309e-04   2.03086014e-03  -3.22386557e+00  -4.59148602e+00   2.04772708e-03
  9.49092834e-01   0.00000000e+00   2.78587633e+00  -2.87506121e-04   1.79340022e-03  -3.19131625e+00  -4.59656409e+00   1.85471963e-03
  9.67346250e-01   0.00000000e+00   2.80455609e+00  -2.65485843e-04   1.57773748e-03  -3.15979847e+00  -4.60203219e+00   1.67380363e-03
  9.85950724e-01   0.00000000e+00   2.82378720e+00  -2.44145082e-04   1.38261809e-03  -3.12930100e+00  -4.60791642e+00   1.50487302e-03
  1.00491301e+00   0.00000000e+00   2.84357932e+00  -2.23569488e-04   1.20678284e-03  -3.09981331e+00  -4.61424455e+00   1.34776129e-03
  1.02423999e+00   0.00000000e+00   2.86394158e+00  -2.03835708e-04   1.04897436e-03  -3.07132554e+00  -4.62104613e+00   1.20224327e-03
  1.04393867e+00   0.00000000e+00   2.88488249e+00  -1.85010467e-04   9.07944378e-04  -3.04382855e+00  -4.62835267e+00   1.06803756e-03
  1.06401621e+00   0.00000000e+00   2.90640979e+00  -1.67149821e-04   7.82460890e-04  -3.01731392e+00  -4.63619777e+00   9.44809926e-04
  1.08447988e+00   0.00000000e+00   2.92853036e+00  -1.50298581e-04   6.71315212e-04  -2.99177400e+00  -4.64461732e+00   8.32177201e-04
  1.10533713e+00   0.00000000e+00   2.95125004e+00  -1.34489954e-04   5.73328720e-04  -2.96720189e+00  -4.65364966e+00   7.29712060e-04
  1.12659551e+00   0.00000000e+00   2.97457349e+00  -1.19745388e-04   4.87359210e-04  -2.94359154e+00  -4.66333583e+00   6.36948294e-04
  1.14826275e+00   0.00000000e+00   2.99850397e+00  -1.06074645e-04   4.12306760e-04  -2.92093771e+00  -4.67371981e+00   5.53386651e-04
  1.17034670e+00   0.00000000e+00   3.02304314e+00  -9.34760934e-05   3.47118998e-04  -2.89923608e+00  -4.68484881e+00   4.78501081e-04
  1.19285537e+00   0.00000000e+00   3.04819084e+00  -8.19372241e-05   2.90795690e-04  -2.87848324e+00  -4.69677359e+00   4.11745275e-04
  1.21579695e+00   0.00000000e+00   3.07394476e+00  -7.14353626e-05   2.42392576e-04  -2.85867683e+00  -4.70954883e+00   3.52559369e-04
  1.23917975e+00   0.00000000e+00   3.10030017e+00  -6.19385712e-05   2.01024398e-04  -2.83981555e+00  -4.72323355e+00   3.00376671e-04
  1.26301226e+00   0.00000000e+00   3.12724955e+00  -5.34067063e-05   1.65867075e-04  -2.82189931e+00  -4.73789161e+00   2.54630255e-04
  1.28730313e+00   0.00000000e+00   3.15478215e+00  -4.57926019e-05   1.36159032e-04  -2.80492930e+00  -4.75359227e+00   2.14759299e-04
  1.31206117e+00   0.00000000e+00   3.18288349e+00  -3.90433443e-05   1.11201663e-04  -2.78890819e+00  -4.77041086e+00   1.80215018e-04
  1.33729537e+00   0.00000000e+00   3.21153484e+00  -3.31016001e-05   9.03589721e-05  -2.77384029e+00  -4.78842955e+00   1.50466076e-04
  1.36301489e+00   0.00000000e+00   3.24071248e+00  -2.79069724e-05   7.30564518e-05  -2.75973178e+00  -4.80773830e+00   1.25003343e-04
  1.38922905e+00   0.00000000e+00   3.27038694e+00  -2.33974250e-05   5.87793256e-05  -2.74659102e+00  -4.82843595e+00   1.03343868e-04
  1.41594738e+00   0.00000000e+00   3.30052195e+00  -1.95111224e-05   4.70705506e-05  -2.73442896e+00  -4.85063155e+00   8.50336273e-05
  1.44317957e+00   0.00000000e+00   3.33107329e+00  -1.61903659e-05   3.75300140e-05  -2.72325959e+00  -4.87444605e+00   6.96474696e-05
  1.47093551e+00   0.00000000e+00   3.36198718e+00  -1.33943636e-05   2.98201903e-05  -2.71310069e+00  -4.90001434e+00   5.67800192e-05
  1.49922525e+00   0.00000000e+00   3.39319831e+00  -1.11447390e-05   2.36961515e-05  -2.70397477e+00  -4.92748793e+00   4.60053871e-05
  1.52805909e+00   0.00000000e+00   3.42462707e+00  -9.67919717e-06   1.91146102e-05  -2.69591039e+00  -4.95703844e+00   3.67351911e-05
  1.55744746e+00   0.00000000e+00   3.45617579e+00  -9.92447158e-06   1.65706077e-05  -2.68894420e+00  -4.98886238e+00   2.77750460e-05
  1.58740105e+00   0.00000000e+00   3.48772337e+00  -1.48089486e-05   1.80171530e-05  -2.68312381e+00  -5.02318777e+00   1.60787352e-05
  1.61793072e+00   0.00000000e+00   3.51911793e+00  -3.25277056e-05   2.91025822e-05  -2.67851187e+00  -5.06028320e+00  -6.39532809e-06
  1.64904756e+00   0.00000000e+00   3.55016741e+00  -8.37634575e-05   6.39971003e-05  -2.67519106e+00  -5.10046954e+00  -5.97650935e-05
  1.68076284e+00   0.00000000e+00   3.58062991e+00  -2.15700220e-04   1.54509977e-04  -2.67326899e+00  -5.14413320e+00  -1.90306091e-04
  1.71308809e+00   0.00000000e+00   3.61020795e+00  -5.25353179e-04   3.64817870e-04  -2.67287986e+00  -5.19173691e+00  -4.94712026e-04
  1.74603504e+00   0.00000000e+00   3.63855461e+00  -1.19153625e-03   8.10922037e-04  -2.67417822e+00  -5.24382056e+00  -1.15516882e-03
  1.77961563e+00   0.00000000e+00   3.66529958e+00  -2.50785140e-03   1.67964530e-03  -2.67732017e+00  -5.30098288e+00  -2.47944212e-03
  1.81384207e+00   0.00000000e+00   3.69009694e+00  -4.90153541e-03   3.23778759e-03  -2.68243171e+00  -5.36383989e+00  -4.93215452e-03
  1.84872677e+00   0.00000000e+00   3.71268281e+00  -8.92269254e-03   5.82272775e-03  -2.68957224e+00  -5.43296797e+00  -9.14105839e-03
  1.88428238e+00   0.00000000e+00   3.73292059e+00  -1.52008086e-02   9.81389027e-03  -2.69870686e+00  -5.50885122e+00  -1.58716676e-02
  1.92052182e+00   0.00000000e+00   3.75081449e+00  -2.43835777e-02   1.55951216e-02  -2.70969772e+00  -5.59185250e+00  -2.59804559e-02
  1.95745823e+00   0.00000000e+00   3.76648883e+00  -3.70817497e-02   2.35221181e-02  -2.72231451e+00  -5.68221389e+00  -4.03671005e-02
  1.99510502e+00   0.00000000e+00   3.78014644e+00  -5.38367169e-02   3.39039089e-02  -2.73625491e+00  -5.78007668e+00  -5.99423889e-02
  2.03347585e+00   0.00000000e+00   3.79202360e+00  -7.51136309e-02   4.69989263e-02  -2.75116435e+00  -5.88550540e+00  -8.56166582e-02
  2.07258465e+00   0.00000000e+00   3.80235306e+00  -1.01313224e-01   6.30208540e-02  -2.76664785e+00  -5.99850275e+00  -1.18304178e-01
  2.11244561e+00   0.00000000e+00   3.81133904e+00  -1.32793457e-01   8.21485977e-02  -2.78227139e+00  -6.11900800e+00  -1.58935596e-01
  2.15307319e+00   0.00000000e+00   3.81914307e+00  -1.69894656e-01   1.04536248e-01  -2.79755208e+00  -6.24687404e+00  -2.08471414e-01
  2.19448215e+00   0.00000000e+00   3.82587768e+00  -2.12965347e-01   1.30320660e-01  -2.81193631e+00  -6.38181662e+00  -2.67911278e-01
  2.23668750e+00   0.00000000e+00   3.83160564e+00  -2.62389074e-01   1.59625238e-01  -2.82476293e+00  -6.52332375e+00  -3.38294777e-01
  2.27970456e+00   0.00000000e+00   3.83634311e+00  -3.18614977e-01   1.92558484e-01  -2.83520393e+00  -6.67050017e+00  -4.20688727e-01
  2.32354895e+00   0.00000000e+00   3.84006677e+00  -3.82197794e-01   2.29204525e-01  -2.84216778e+00  -6.82179800e+00  -5.16152612e-01
  2.36823658e+00   0.00000000e+00   3.84272613e+00  -4.53857639e-01   2.69599375e-01  -2.84413403e+00  -6.97453383e+00  -6.25665834e-01
  2.41378366e+00   0.00000000e+00   3.84426413e+00  -5.34578943e-01   3.13677759e-01  -2.83885319e+00  -7.12397864e+00  -7.49980094e-01
  2.46020672e+00   0.00000000e+00   3.84465172e+00  -6.25786665e-01   3.61151065e-01  -2.82275922e+00  -7.26152501e+00  -8.89303457e-01
  2.50752262e+00   0.00000000e+00   3.84394909e+00  -7.29677163e-01   4.11200739e-01  -2.78970718e+00  -7.37065649e+00  -1.04253965e+00
  2.55574852e+00   0.00000000e+00   3.84243454e+00  -8.49857211e-01   4.61584019e-01  -2.72792984e+00  -7.41700017e+00  -1.20509084e+00
  2.60490192e+00   0.00000000e+00   3.84100512e+00  -9.92471775e-01   5.05335762e-01  -2.61169143e+00  -7.32014643e+00  -1.36051838e+00
  2.65500066e+00   0.00000000e+00   3.84306342e+00  -1.16599562e+00   5.13723198e-01  -2.37845564e+00  -6.87015801e+00  -1.43368224e+00
  2.70606293e+00   0.00000000e+00   3.85321710e+00  -1.35496670e+00   3.72058186e-01  -1.95214049e+00  -5.74369974e+00  -1.07957191e+00
  2.75810725e+00   0.00000000e+00   3.83118238e+00  -1.49227121e+00   1.18598322e-01  -1.50466319e+00  -4.40020537e+00  -3.48485242e-01
  2.81115251e+00   0.00000000e+00   3.77188793e+00  -1.57415081e+00  -2.91359662e-02  -1.16892009e+00  -3.34971290e+00   7.91720308e-02
  2.86521797e+00   0.00000000e+00   3.70226187e+00  -1.62678584e+00  -9.44254237e-02  -9.36763521e-01  -2.61729617e+00   2.56766875e-01
  2.92032324e+00   0.00000000e+00   3.63129804e+00  -1.66528576e+00  -1.22368822e-01  -7.74320138e-01  -2.10563438e+00   3.22638850e-01
  2.97648832e+00   0.00000000e+00   3.56119222e+00  -1.69635111e+00  -1.33727708e-01  -6.56403563e-01  -1.73616599e+00   3.40647330e-01
  3.03373359e+00   0.00000000e+00   3.49248592e+00  -1.72310864e+00  -1.37390210e-01  -5.67611702e-01  -1.45992646e+00   3.37677097e-01
  3.09207983e+00   0.00000000e+00   3.42528740e+00  -1.74716062e+00  -1.37356095e-01  -4.98605570e-01  -1.24702944e+00   3.25514052e-01
  3.15154822e+00   0.00000000e+00   3.35958266e+00  -1.76939854e+00  -1.35534031e-01  -4.43545132e-01  -1.07873656e+00   3.09585005e-01
  3.21216033e+00   0.00000000e+00   3.29532435e+00  -1.79035236e+00  -1.32880686e-01  -3.98639165e-01  -9.42871120e-01   2.92479830e-01
  3.27393817e+00   0.00000000e+00   3.23245897e+00  -1.81035427e+00  -1.29893759e-01  -3.61336677e-01  -8.31238648e-01   2.75454283e-01
  3.33690414e+00   0.00000000e+00   3.17093523e+00  -1.82962165e+00  -1.26838890e-01  -3.29864493e-01  -7.38146308e-01   2.59109754e-01
  3.40108111e+00   0.00000000e+00   3.11070624e+00  -1.84830200e+00  -1.23859743e-01  -3.02953548e-01  -6.59525410e-01   2.43716519e-01
  3.46649236e+00   0.00000000e+00   3.05172962e+00  -1.86649851e+00  -1.21033661e-01  -2.79671123e-01  -5.92393771e-01   2.29373672e-01
  3.53316163e+00   0.00000000e+00   2.99396709e+00  -1.88428541e+00  -1.18400578e-01  -2.59314652e-01  -5.34515873e-01   2.16090527e-01
  3.60111312e+00   0.00000000e+00   2.93738381e+00  -1.90171751e+00  -1.15978155e-01  -2.41342577e-01  -4.84181962e-01   2.03828714e-01
  3.67037148e+00   0.00000000e+00   2.88194783e+00  -1.91883632e+00  -1.13769517e-01  -2.25328259e-01  -4.40060952e-01   1.92523999e-01
  3.74096185e+00   0.00000000e+00   2.82762961e+00  -1.93567410e+00  -1.11766890e-01  -2.10928761e-01  -4.01100479e-01   1.82097480e-01
  3.81290986e+00   0.00000000e+00   2.77440154e+00  -1.95225669e+00  -1.09952977e-01  -1.97863568e-01  -3.66457904e-01   1.72461255e-01
  3.88624160e+00   0.00000000e+00   2.72223762e+00  -1.96860540e+00  -1.08301168e-01  -1.85900203e-01  -3.35452096e-01   1.63521419e-01
  3.96098369e+00   0.00000000e+00   2.67111307e+00  -1.98473844e+00  -1.06775345e-01  -1.74844787e-01  -3.07529448e-01   1.55180041e-01
  4.03716326e+00   0.00000000e+00   2.62100407e+00  -2.00067194e+00  -1.05329893e-01  -1.64536215e-01  -2.82239680e-01   1.47337165e-01
  4.11480795e+00   0.00000000e+00   2.57188748e+00  -2.01642070e+00  -1.03910434e-01  -1.54842944e-01  -2.59218300e-01   1.39893442e-01
  4.19394595e+00   0.00000000e+00   2.52374057e+00  -2.03199873e+00  -1.02455698e-01  -1.45661478e-01  -2.38173367e-01   1.32753691e-01
  4.27460596e+00   0.00000000e+00   2.47654085e+00  -2.04741971e+00  -1.00900794e-01  -1.36915674e-01  -2.18874728e-01   1.25831360e-01
  4.35681726e+00   0.00000000e+00   2.43026583e+00  -2.06269724e+00  -9.91818550e-02  -1.28555955e-01  -2.01144312e-01   1.19053504e-01
  4.44060970e+00   0.00000000e+00   2.38489281e+00  -2.07784499e+00  -9.72416881e-02  -1.20557612e-01  -1.84846547e-01   1.12365554e-01
  4.52601367e+00   0.00000000e+00   2.34039873e+00  -2.09287679e+00  -9.50356633e-02  -1.12917606e-01  -1.69878494e-01   1.05734993e-01
  4.61306017e+00   0.00000000e+00   2.29675996e+00  -2.10780644e+00  -9.25368493e-02  -1.05649746e-01  -1.56159870e-01   9.91530275e-02
  4.70178079e+00   0.00000000e+00   2.25395213e+00  -2.12264748e+00  -8.97393883e-02  -9.87785885e-02  -1.43623636e-01   9.26337168e-02
  4.79220773e+00   0.00000000e+00   2.21195002e+00  -2.13741265e+00  -8.66594154e-02  -9.23329128e-02  -1.32208030e-01   8.62105036e-02
  4.88437381e+00   0.00000000e+00   2.17072748e+00  -2.15211323e+00  -8.33333623e-02  -8.63397988e-02  -1.21850856e-01   7.99307284e-02
  4.97831247e+00   0.00000000e+00   2.13025749e+00  -2.16675821e+00  -7.98140679e-02  -8.08202229e-02  -1.12486404e-01   7.38491084e-02
  5.07405780e+00   0.00000000e+00   2.09051233e+00  -2.18135333e+00  -7.61655461e-02  -7.57866916e-02  -1.04044848e-01   6.80213057e-02
  5.17164455e+00   0.00000000e+00   2.05146385e+00  -2.19590008e+00  -7.24574079e-02  -7.12429329e-02  -9.64535485e-02   6.24985261e-02
  5.27110814e+00   0.00000000e+00   2.01308389e+00  -2.21039462e+00  -6.87598141e-02  -6.71852531e-02  -8.96394092e-02   5.73237130e-02
  5.37248466e+00   0.00000000e+00   1.97534477e+00  -2.22482688e+00  -6.51395430e-02  -6.36049586e-02  -8.35315331e-02   5.25294938e-02
  5.47581091e+00   0.00000000e+00   1.93821984e+00  -2.23917958e+00  -6.16574384e-02  -6.04912420e-02  -7.80635730e-02   4.81377108e-02
  5.58112437e+00   0.00000000e+00   1.90168419e+00  -2.25342752e+00  -5.83672371e-02  -5.78340863e-02  -7.31754817e-02   4.41601893e-02
  5.68846328e+00   0.00000000e+00   1.86571539e+00  -2.26753694e+00  -5.53156189e-02  -5.56269501e-02  -6.88145955e-02   4.06003446e-02
  5.79786658e+00   0.00000000e+00   1.83029442e+00  -2.28146517e+00  -5.25432652e-02  -5.38691955e-02  -6.49361525e-02   3.74552720e-02
  5.90937397e+00   0.00000000e+00   1.79540668e+00  -2.29516062e+00  -5.00867292e-02  -5.25683730e-02  -6.15034295e-02   3.47180481e-02
  6.02302593e+00   0.00000000e+00   1.76104323e+00  -2.30856331e+00  -4.79809906e-02  -5.17425697e-02  -5.84876948e-02   3.23800724e-02
  6.13886371e+00   0.00000000e+00   1.72720213e+00  -2.32160599e+00  -4.62626658e-02  -5.14230851e-02  -5.58681566e-02   3.04333649e-02
  6.25692933e+00   0.00000000e+00   1.69388985e+00  -2.33421629e+00  -4.49739621e-02  -5.16577315e-02  -5.36320466e-02   2.88728174e-02
  6.37726564e+00   0.00000000e+00   1.66112251e+00  -2.34631997e+00  -4.41676039e-02  -5.25150858e-02  -5.17749549e-02   2.76984504e-02
  6.49991632e+00   0.00000000e+00   1.62892665e+00  -2.35784550e+00  -4.39131137e-02  -5.40900625e-02  -5.03015061e-02   2.69177794e-02
  6.62492588e+00   0.00000000e+00   1.59733912e+00  -2.36872984e+00  -4.43050217e-02  -5.65112328e-02  -4.92264708e-02   2.65484258e-02
  6.75233969e+00   0.00000000e+00   1.56640545e+00  -2.37892521e+00  -4.54737991e-02  -5.99503955e-02  -4.85764153e-02   2.66211376e-02
  6.88220398e+00   0.00000000e+00   1.53617662e+00  -2.38840586e+00  -4.76005704e-02  -6.46349941e-02  -4.83920236e-02   2.71834025e-02
  7.01456588e+00   0.00000000e+00   1.50670411e+00  -2.39717376e+00  -5.09369171e-02  -7.08640690e-02  -4.87312632e-02   2.83038227e-02
  7.14947343e+00   0.00000000e+00   1.47803393e+00  -2.40526195e+00  -5.58312186e-02  -7.90284855e-02  -4.96736221e-02   3.00773314e-02
  7.28697559e+00   0.00000000e+00   1.45020090e+00  -2.41273449e+00  -6.27626027e-02  -8.96361908e-02  -5.13257353e-02   3.26310382e-02
  7.42712225e+00   0.00000000e+00   1.42322457e+00  -2.41968297e+00  -7.23817606e-02  -1.03343323e-01  -5.38289517e-02   3.61297228e-02
  7.56996429e+00   0.00000000e+00   1.39710785e+00  -2.42622004e+00  -8.55525183e-02  -1.20992712e-01  -5.73700138e-02   4.07782208e-02
  7.71555353e+00   0.00000000e+00   1.37183850e+00  -2.43247124e+00  -1.03374854e-01  -1.43664244e-01  -6.21975239e-02   4.68141484e-02
  7.86394282e+00   0.00000000e+00   1.34739281e+00  -2.43856589e+00  -1.27140949e-01  -1.72749145e-01  -6.86496373e-02   5.44766986e-02
  8.01518600e+00   0.00000000e+00   1.32374000e+00  -2.44462703e+00  -1.58116987e-01  -2.10069408e-01  -7.72003371e-02   6.39221006e-02
  8.16933797e+00   0.00000000e+00   1.30084502e+00  -2.45075897e+00  -1.96937395e-01  -2.58033753e-01  -8.85180496e-02   7.50289198e-02
  8.32645466e+00   0.00000000e+00   1.27866498e+00  -2.45703134e+00  -2.42284287e-01  -3.19577866e-01  -1.03446731e-01   8.70089309e-02
  8.48659309e+00   0.00000000e+00   1.25712939e+00  -2.46346625e+00  -2.88881509e-01  -3.96848737e-01  -1.22574986e-01   9.78599904e-02
  8.64981139e+00   0.00000000e+00   1.23610471e+00  -2.47005933e+00  -3.27149239e-01  -4.87209938e-01  -1.44981766e-01   1.04410339e-01
  8.81616878e+00   0.00000000e+00   1.21540232e+00  -2.47685582e+00  -3.49002235e-01  -5.80011051e-01  -1.67319109e-01   1.04269375e-01
  8.98572564e+00   0.00000000e+00   1.19487596e+00  -2.48398580e+00  -3.54974048e-01  -6.62185334e-01  -1.85697707e-01   9.79918312e-02
  9.15854349e+00   0.00000000e+00   1.17448496e+00  -2.49159127e+00  -3.51771525e-01  -7.26692917e-01  -1.98296886e-01   8.80970683e-02
  9.33468507e+00   0.00000000e+00   1.15425691e+00  -2.49976315e+00  -3.45808397e-01  -7.73160854e-01  -2.05403542e-01   7.69176606e-02
  9.51421428e+00   0.00000000e+00   1.13423626e+00  -2.50854238e+00  -3.40785010e-01  -8.04408794e-01  -2.08209036e-01   6.58343049e-02
  9.69719629e+00   0.00000000e+00   1.11446143e+00  -2.51794201e+00  -3.38177674e-01  -8.23942719e-01  -2.07994584e-01   5.54580328e-02
  9.88369749e+00   0.00000000e+00   1.09495989e+00  -2.52796399e+00  -3.38218813e-01  -8.34918385e-01  -2.05824528e-01   4.59616107e-02
  1.00737856e+01   0.00000000e+00   1.07574939e+00  -2.53860801e+00  -3.40593130e-01  -8.39860351e-01  -2.02490884e-01   3.73127116e-02
  1.02675295e+01   0.00000000e+00   1.05684030e+00  -2.54987516e+00  -3.44820536e-01  -8.40670611e-01  -1.98547065e-01   2.94032635e-02
  1.04649997e+01   0.00000000e+00   1.03823770e+00  -2.56176906e+00  -3.50435423e-01  -8.38727088e-01  -1.94362466e-01   2.21122159e-02
  1.06662676e+01   0.00000000e+00   1.01994302e+00  -2.57429586e+00  -3.57054104e-01  -8.34997101e-01  -1.90173717e-01   1.53317993e-02
  1.08714065e+01   0.00000000e+00   1.00195517e+00  -2.58746379e+00  -3.64387360e-01  -8.30140105e-01  -1.86125830e-01   8.97554586e-03
  1.10804907e+01   0.00000000e+00   9.84271454e-01  -2.60128264e+00  -3.72229678e-01  -8.24592393e-01  -1.82302834e-01   2.97805823e-03
  1.12935961e+01   0.00000000e+00   9.66888087e-01  -2.61576333e+00  -3.80441239e-01  -8.18633308e-01  -1.78749479e-01  -2.70835876e-03
  1.15108000e+01   0.00000000e+00   9.49800660e-01  -2.63091760e+00  -3.88930079e-01  -8.12434986e-01  -1.75486065e-01  -8.11775725e-03
  1.17321814e+01   0.00000000e+00   9.33004401e-01  -2.64675768e+00  -3.97637267e-01  -8.06098455e-01  -1.72518218e-01  -1.32742420e-02
  1.19578204e+01   0.00000000e+00   9.16494361e-01  -2.66329620e+00  -4.06525699e-01  -7.99678952e-01  -1.69843129e-01  -1.81949433e-02
  1.21877990e+01   0.00000000e+00   9.00265537e-01  -2.68054606e+00  -4.15572164e-01  -7.93203108e-01  -1.67453412e-01  -2.28922347e-02
  1.24222007e+01   0.00000000e+00   8.84312945e-01  -2.69852036e+00  -4.24762011e-01  -7.86680207e-01  -1.65339392e-01  -2.73752963e-02
  1.26611105e+01   0.00000000e+00   8.68631660e-01  -2.71723235e+00  -4.34085708e-01  -7.80109309e-01  -1.63490422e-01  -3.16511684e-02
  1.29046152e+01   0.00000000e+00   8.53216849e-01  -2.73669546e+00  -4.43536721e-01  -7.73483594e-01  -1.61895606e-01  -3.57254329e-02
  1.31528030e+01   0.00000000e+00   8.38063773e-01  -2.75692323e+00  -4.53110251e-01  -7.66792905e-01  -1.60544176e-01  -3.96026381e-02
  1.34057642e+01   0.00000000e+00   8.23167799e-01  -2.77792937e+00  -4.62802509e-01  -7.60025164e-01  -1.59425672e-01  -4.32865545e-02
  1.36635904e+01   0.00000000e+00   8.08524402e-01  -2.79972769e+00  -4.72610324e-01  -7.53167125e-01  -1.58530024e-01  -4.67803252e-02
  1.39263752e+01   0.00000000e+00   7.94129158e-01  -2.82233219e+00  -4.82530926e-01  -7.46204730e-01  -1.57847576e-01  -5.00865505e-02
  1.41942140e+01   0.00000000e+00   7.79977748e-01  -2.84575701e+00  -4.92561835e-01  -7.39123252e-01  -1.57369090e-01  -5.32073350e-02
  1.44672041e+01   0.00000000e+00   7.66065952e-01  -2.87001641e+00  -5.02700804e-01  -7.31907321e-01  -1.57085727e-01  -5.61443111e-02
  1.47454444e+01   0.00000000e+00   7.52389646e-01  -2.89512488e+00  -5.12945786e-01  -7.24540877e-01  -1.56989040e-01  -5.88986495e-02
  1.50290360e+01   0.00000000e+00   7.38944800e-01  -2.92109702e+00  -5.23294911e-01  -7.17007096e-01  -1.57070945e-01  -6.14710603e-02
  1.53180817e+01   0.00000000e+00   7.25727474e-01  -2.94794763e+00  -5.33746469e-01  -7.09288283e-01  -1.57323707e-01  -6.38617869e-02
  1.56126865e+01   0.00000000e+00   7.12733814e-01  -2.97569171e+00  -5.44298888e-01  -7.01365746e-01  -1.57739918e-01  -6.60705942e-02
  1.59129573e+01   0.00000000e+00   6.99960053e-01  -3.00434443e+00  -5.54950709e-01  -6.93219657e-01  -1.58312476e-01  -6.80967512e-02
  1.62190031e+01   0.00000000e+00   6.87402502e-01  -3.03392115e+00  -5.65700559e-01  -6.84828881e-01  -1.59034562e-01  -6.99390064e-02
  1.65309349e+01   0.00000000e+00   6.75057549e-01  -3.06443746e+00  -5.76547113e-01  -6.76170791e-01  -1.59899615e-01  -7.15955567e-02
  1.68488658e+01   0.00000000e+00   6.62921658e-01  -3.09590915e+00  -5.87489048e-01  -6.67221051e-01  -1.60901308e-01  -7.30640089e-02
  1.71729115e+01   0.00000000e+00   6.50991363e-01  -3.12835221e+00  -5.98524978e-01  -6.57953357e-01  -1.62033518e-01  -7.43413309e-02
  1.75031893e+01   0.00000000e+00   6.39263268e-01  -3.16178289e+00  -6.09653386e-01  -6.48339145e-01  -1.63290291e-01  -7.54237922e-02
  1.78398191e+01   0.00000000e+00   6.27734039e-01  -3.19621766e+00  -6.20872519e-01  -6.38347244e-01  -1.64665806e-01  -7.63068923e-02
  1.81829232e+01   0.00000000e+00   6.16400405e-01  -3.23167321e+00  -6.32180267e-01  -6.27943462e-01  -1.66154325e-01  -7.69852725e-02
  1.85326261e+01   0.00000000e+00   6.05259154e-01  -3.26816652e+00  -6.43573999e-01  -6.17090099e-01  -1.67750142e-01  -7.74526090e-02
  1.88890546e+01   0.00000000e+00   5.94307127e-01  -3.30571478e+00  -6.55050345e-01  -6.05745357e-01  -1.69447504e-01  -7.77014832e-02
  1.92523381e+01   0.00000000e+00   5.83541218e-01  -3.34433550e+00  -6.66604927e-01  -5.93862623e-01  -1.71240535e-01  -7.77232210e-02
  1.96226084e+01   0.00000000e+00   1.71807224e+00  -3.37546805e+00  -4.94850275e-01  -6.43191502e-01  -2.14936373e-01  -4.34583260e-02
  2.00000000e+01   0.00000000e+00   3.95241224e+00  -3.39435189e+00  -2.57875929e-01  -8.84438250e-01  -4.03728172e-01  -8.08314351e-02
